2023-12-26 21:11:24,345 - agents.Base_Agent - INFO - 0 -- SnakeGameEnvironment
2023-12-26 21:11:24,345 - agents.Base_Agent - INFO - 1 -- DISCRETE
2023-12-26 21:11:24,345 - agents.Base_Agent - INFO - 2 -- 3
2023-12-26 21:11:24,345 - agents.Base_Agent - INFO - 3 -- None
2023-12-26 21:11:24,345 - agents.Base_Agent - INFO - 4 -- 11
2023-12-26 21:11:24,345 - agents.Base_Agent - INFO - 5 -- {'learning_rate': 0.01, 'batch_size': 512, 'buffer_size': 40000, 'epsilon': 1.0, 'epsilon_decay_rate_denominator': 1, 'discount_rate': 0.99, 'tau': 0.01, 'alpha_prioritised_replay': 0.6, 'beta_prioritised_replay': 0.1, 'incremental_td_error': 1e-08, 'update_every_n_steps': 50, 'update_learning_rate_based_on_score': False, 'linear_hidden_units': [200, 200], 'final_layer_activation': 'None', 'batch_norm': False, 'gradient_clipping_norm': 0.7, 'learning_iterations': 2, 'clip_rewards': False}
2023-12-26 21:11:24,345 - agents.Base_Agent - INFO - 6 -- 50
2023-12-26 21:11:24,345 - agents.Base_Agent - INFO - 7 -- 5
2023-12-26 21:11:24,345 - agents.Base_Agent - INFO - 8 -- cpu
2023-12-26 21:11:24,581 - agents.Base_Agent - INFO - Reseting game -- New start state [0 0 0 0 1 0 0 0 1 0 1]
2023-12-26 21:11:27,611 - agents.Base_Agent - INFO - Reseting game -- New start state [0 0 0 0 1 0 0 0 1 0 1]
2023-12-26 21:11:31,516 - agents.Base_Agent - INFO - Reseting game -- New start state [0 0 0 0 1 0 0 0 1 0 1]
2023-12-26 21:11:35,139 - agents.Base_Agent - INFO - Reseting game -- New start state [0 0 0 0 1 0 0 0 1 0 1]
2023-12-26 21:11:39,843 - agents.Base_Agent - INFO - Reseting game -- New start state [0 0 0 0 1 0 0 0 1 1 0]
2023-12-26 21:11:42,737 - agents.Base_Agent - INFO - Reseting game -- New start state [0 0 0 0 1 0 0 0 1 0 1]
2023-12-26 21:11:45,102 - agents.Base_Agent - INFO - Reseting game -- New start state [0 0 0 0 1 0 0 1 0 1 0]
2023-12-26 21:11:48,601 - agents.Base_Agent - INFO - Reseting game -- New start state [0 0 0 0 1 0 0 1 0 0 1]
2023-12-26 21:11:52,644 - agents.Base_Agent - INFO - Reseting game -- New start state [0 0 0 0 1 0 0 0 1 0 1]
2023-12-26 21:11:55,834 - agents.Base_Agent - INFO - Reseting game -- New start state [0 0 0 0 1 0 0 1 0 0 1]
2023-12-26 21:11:59,505 - agents.Base_Agent - INFO - Reseting game -- New start state [0 0 0 0 1 0 0 0 1 0 1]
2023-12-26 21:12:01,881 - agents.Base_Agent - INFO - Reseting game -- New start state [0 0 0 0 1 0 0 0 1 1 0]
2023-12-26 21:12:05,934 - agents.Base_Agent - INFO - Reseting game -- New start state [0 0 0 0 1 0 0 1 0 0 1]
2023-12-26 21:12:08,503 - agents.Base_Agent - INFO - Reseting game -- New start state [0 0 0 0 1 0 0 0 0 0 1]
2023-12-26 21:12:11,523 - agents.Base_Agent - INFO - Reseting game -- New start state [0 0 0 0 1 0 0 0 0 0 1]
2023-12-26 21:12:14,684 - agents.Base_Agent - INFO - Reseting game -- New start state [0 0 0 0 1 0 0 0 1 0 0]
2023-12-26 21:12:17,004 - agents.Base_Agent - INFO - Reseting game -- New start state [0 0 0 0 1 0 0 0 1 0 1]
2023-12-26 21:12:20,777 - agents.Base_Agent - INFO - Reseting game -- New start state [0 0 0 0 1 0 0 1 0 0 1]
2023-12-26 21:12:23,619 - agents.Base_Agent - INFO - Reseting game -- New start state [0 0 0 0 1 0 0 0 1 0 1]
2023-12-26 21:12:27,137 - agents.Base_Agent - INFO - Reseting game -- New start state [0 0 0 0 1 0 0 1 0 0 1]
2023-12-26 21:12:29,788 - agents.Base_Agent - INFO - Reseting game -- New start state [0 0 0 0 1 0 0 0 1 0 1]
2023-12-26 21:12:35,038 - agents.Base_Agent - INFO - Reseting game -- New start state [0 0 0 0 1 0 0 0 1 0 1]
2023-12-26 21:12:38,974 - agents.Base_Agent - INFO - Reseting game -- New start state [0 0 0 0 1 0 0 0 1 0 1]
2023-12-26 21:12:41,286 - agents.Base_Agent - INFO - Reseting game -- New start state [0 0 0 0 1 0 0 0 1 1 0]
2023-12-26 21:12:43,658 - agents.Base_Agent - INFO - Reseting game -- New start state [0 0 0 0 1 0 0 0 1 0 1]
2023-12-26 21:12:47,040 - agents.Base_Agent - INFO - Reseting game -- New start state [0 0 0 0 1 0 0 1 0 0 1]
2023-12-26 21:12:54,771 - agents.Base_Agent - INFO - Reseting game -- New start state [0 0 0 0 1 0 0 0 0 0 1]
2023-12-26 21:12:58,452 - agents.Base_Agent - INFO - Reseting game -- New start state [0 0 0 0 1 0 0 1 0 0 1]
2023-12-26 21:13:05,104 - agents.Base_Agent - INFO - Reseting game -- New start state [0 0 0 0 1 0 0 0 0 0 1]
2023-12-26 21:13:08,282 - agents.Base_Agent - INFO - Reseting game -- New start state [0 0 0 0 1 0 0 0 1 1 0]
2023-12-26 21:13:11,607 - agents.Base_Agent - INFO - Reseting game -- New start state [0 0 0 0 1 0 0 0 1 0 1]
2023-12-26 21:13:14,050 - agents.Base_Agent - INFO - Reseting game -- New start state [0 0 0 0 1 0 0 1 0 0 1]
2023-12-26 21:13:16,351 - agents.Base_Agent - INFO - Reseting game -- New start state [0 0 0 0 1 0 0 0 1 0 1]
2023-12-26 21:13:18,667 - agents.Base_Agent - INFO - Reseting game -- New start state [0 0 0 0 1 0 0 0 1 0 1]
2023-12-26 21:13:21,755 - agents.Base_Agent - INFO - Reseting game -- New start state [0 0 0 0 1 0 0 0 1 1 0]
2023-12-26 21:13:24,199 - agents.Base_Agent - INFO - Reseting game -- New start state [0 0 0 0 1 0 0 0 1 0 1]
2023-12-26 21:13:27,638 - agents.Base_Agent - INFO - Reseting game -- New start state [0 0 0 0 1 0 0 0 1 0 1]
2023-12-26 21:13:30,555 - agents.Base_Agent - INFO - Reseting game -- New start state [0 0 0 0 1 0 0 0 1 1 0]
2023-12-26 21:13:33,248 - agents.Base_Agent - INFO - Reseting game -- New start state [0 0 0 0 1 0 0 0 1 0 1]
2023-12-26 21:13:36,702 - agents.Base_Agent - INFO - Reseting game -- New start state [0 0 0 0 1 0 0 0 1 0 1]
2023-12-26 21:13:39,218 - agents.Base_Agent - INFO - Reseting game -- New start state [0 0 0 0 1 0 0 1 0 0 1]
2023-12-26 21:13:41,578 - agents.Base_Agent - INFO - Reseting game -- New start state [0 0 0 0 1 0 0 0 1 0 1]
2023-12-26 21:13:43,884 - agents.Base_Agent - INFO - Reseting game -- New start state [0 0 0 0 1 0 0 0 1 1 0]
2023-12-26 21:13:47,138 - agents.Base_Agent - INFO - Reseting game -- New start state [0 0 0 0 1 0 0 0 1 1 0]
2023-12-26 21:13:50,114 - agents.Base_Agent - INFO - Reseting game -- New start state [0 0 0 0 1 0 0 0 1 0 1]
2023-12-26 21:13:52,767 - agents.Base_Agent - INFO - Reseting game -- New start state [0 0 0 0 1 0 0 0 1 0 1]
2023-12-26 21:13:55,220 - agents.Base_Agent - INFO - Reseting game -- New start state [0 0 0 0 1 0 0 0 1 1 0]
2023-12-26 21:13:58,137 - agents.Base_Agent - INFO - Reseting game -- New start state [0 0 0 0 1 0 0 0 1 0 1]
2023-12-26 21:14:02,392 - agents.Base_Agent - INFO - Reseting game -- New start state [0 0 0 0 1 0 0 0 1 0 1]
2023-12-26 21:14:04,760 - agents.Base_Agent - INFO - Reseting game -- New start state [0 0 0 0 1 0 0 0 1 0 1]
2023-12-26 21:14:07,524 - agents.Base_Agent - INFO - Reseting game -- New start state [0 0 0 0 1 0 0 0 1 0 1]
2023-12-26 21:14:12,837 - agents.Base_Agent - INFO - Reseting game -- New start state [0 0 0 0 1 0 0 0 1 0 1]
2023-12-26 21:14:33,921 - agents.Base_Agent - INFO - Reseting game -- New start state [0 0 0 0 1 0 0 1 0 0 0]
2023-12-26 21:15:23,089 - agents.Base_Agent - INFO - Reseting game -- New start state [0 0 0 0 1 0 0 1 0 1 0]
2023-12-26 21:15:36,622 - agents.Base_Agent - INFO - Reseting game -- New start state [0 0 0 0 1 0 0 0 1 1 0]
2023-12-26 21:15:47,352 - agents.Base_Agent - INFO - Reseting game -- New start state [0 0 0 0 1 0 0 0 1 1 0]
2023-12-26 21:16:21,073 - agents.Base_Agent - INFO - Reseting game -- New start state [0 0 0 0 1 0 0 1 0 0 1]
2023-12-26 21:16:30,871 - agents.Base_Agent - INFO - Reseting game -- New start state [0 0 0 0 1 0 0 1 0 0 1]
2023-12-26 21:16:53,924 - agents.Base_Agent - INFO - Reseting game -- New start state [0 0 0 0 1 0 0 1 0 1 0]
2023-12-26 21:17:01,571 - agents.Base_Agent - INFO - Reseting game -- New start state [0 0 0 0 1 0 0 1 0 1 0]
2023-12-26 21:17:05,538 - agents.Base_Agent - INFO - Reseting game -- New start state [0 0 0 0 1 0 0 0 1 0 1]
2023-12-26 21:18:18,384 - agents.Base_Agent - INFO - Reseting game -- New start state [0 0 0 0 1 0 0 0 1 1 0]
2023-12-26 21:18:48,020 - agents.Base_Agent - INFO - Reseting game -- New start state [0 0 0 0 1 0 0 1 0 0 1]
2023-12-26 21:18:55,410 - agents.Base_Agent - INFO - Reseting game -- New start state [0 0 0 0 1 0 0 0 1 0 1]
2023-12-26 21:19:08,458 - agents.Base_Agent - INFO - Reseting game -- New start state [0 0 0 0 1 0 0 0 1 0 1]
2023-12-26 21:19:55,229 - agents.Base_Agent - INFO - Reseting game -- New start state [0 0 0 0 1 0 0 1 0 1 0]
2023-12-26 21:20:54,999 - agents.Base_Agent - INFO - Reseting game -- New start state [0 0 0 0 1 0 0 0 1 0 1]
2023-12-26 21:21:30,563 - agents.Base_Agent - INFO - Reseting game -- New start state [0 0 0 0 1 0 0 0 1 0 1]
2023-12-26 21:22:26,020 - agents.Base_Agent - INFO - Reseting game -- New start state [0 0 0 0 1 0 0 0 1 0 1]
2023-12-26 21:24:04,599 - agents.Base_Agent - INFO - Reseting game -- New start state [0 0 0 0 1 0 0 1 0 0 1]
2023-12-26 21:24:18,190 - agents.Base_Agent - INFO - Reseting game -- New start state [0 0 0 0 1 0 0 1 0 1 0]
2023-12-26 21:24:23,962 - agents.Base_Agent - INFO - Reseting game -- New start state [0 0 0 0 1 0 0 1 0 0 1]
2023-12-26 21:24:50,510 - agents.Base_Agent - INFO - Reseting game -- New start state [0 0 0 0 1 0 0 0 1 0 1]
2023-12-26 21:25:15,361 - agents.Base_Agent - INFO - Reseting game -- New start state [0 0 0 0 1 0 0 1 0 0 1]
2023-12-26 21:25:28,623 - agents.Base_Agent - INFO - Reseting game -- New start state [0 0 0 0 1 0 0 1 0 1 0]
2023-12-26 21:25:46,233 - agents.Base_Agent - INFO - Reseting game -- New start state [0 0 0 0 1 0 0 0 1 0 1]
2023-12-26 21:26:34,789 - agents.Base_Agent - INFO - Reseting game -- New start state [0 0 0 0 1 0 0 0 1 0 1]
2023-12-26 21:26:59,808 - agents.Base_Agent - INFO - Reseting game -- New start state [0 0 0 0 1 0 0 1 0 0 1]
2023-12-26 21:27:36,592 - agents.Base_Agent - INFO - Reseting game -- New start state [0 0 0 0 1 0 0 0 1 0 1]
2023-12-26 21:28:01,822 - agents.Base_Agent - INFO - Reseting game -- New start state [0 0 0 0 1 0 0 0 1 0 1]
2023-12-26 21:28:13,887 - agents.Base_Agent - INFO - Reseting game -- New start state [0 0 0 0 1 0 0 1 0 0 1]
2023-12-26 21:28:17,991 - agents.Base_Agent - INFO - Reseting game -- New start state [0 0 0 0 1 0 0 1 0 1 0]
2023-12-26 21:28:25,502 - agents.Base_Agent - INFO - Reseting game -- New start state [0 0 0 0 1 0 0 0 1 0 1]
2023-12-26 21:28:45,921 - agents.Base_Agent - INFO - Reseting game -- New start state [0 0 0 0 1 0 0 0 1 0 1]
2023-12-26 21:29:11,239 - agents.Base_Agent - INFO - Reseting game -- New start state [0 0 0 0 1 0 0 0 1 0 1]
2023-12-26 21:30:24,874 - agents.Base_Agent - INFO - Reseting game -- New start state [0 0 0 0 1 0 0 0 1 0 1]
2023-12-26 21:30:47,221 - agents.Base_Agent - INFO - Reseting game -- New start state [0 0 0 0 1 0 0 0 1 1 0]
2023-12-26 21:31:33,444 - agents.Base_Agent - INFO - Reseting game -- New start state [0 0 0 0 1 0 0 0 1 0 1]
2023-12-26 21:32:03,813 - agents.Base_Agent - INFO - Reseting game -- New start state [0 0 0 0 1 0 0 1 0 1 0]
2023-12-26 21:33:29,884 - agents.Base_Agent - INFO - Reseting game -- New start state [0 0 0 0 1 0 0 0 1 0 1]
2023-12-26 21:33:45,297 - agents.Base_Agent - INFO - Reseting game -- New start state [0 0 0 0 1 0 0 1 0 0 1]
2023-12-26 21:33:54,681 - agents.Base_Agent - INFO - Reseting game -- New start state [0 0 0 0 1 0 0 0 1 0 1]
2023-12-26 21:34:15,911 - agents.Base_Agent - INFO - Reseting game -- New start state [0 0 0 0 1 0 0 1 0 0 1]
2023-12-26 21:34:37,677 - agents.Base_Agent - INFO - Reseting game -- New start state [0 0 0 0 1 0 0 0 1 0 1]
2023-12-26 21:34:48,412 - agents.Base_Agent - INFO - Reseting game -- New start state [0 0 0 0 1 0 0 1 0 0 1]
2023-12-26 21:34:55,195 - agents.Base_Agent - INFO - Reseting game -- New start state [0 0 0 0 1 0 0 0 1 0 1]
2023-12-26 21:36:22,738 - agents.Base_Agent - INFO - Reseting game -- New start state [0 0 0 0 1 0 0 0 1 0 1]
2023-12-26 21:36:58,525 - agents.Base_Agent - INFO - Reseting game -- New start state [0 0 0 0 1 0 0 1 0 0 1]
2023-12-26 21:37:12,861 - agents.Base_Agent - INFO - Reseting game -- New start state [0 0 0 0 1 0 0 0 1 1 0]
2023-12-26 21:37:50,462 - agents.Base_Agent - INFO - Reseting game -- New start state [0 0 0 0 1 0 0 0 1 0 1]
2023-12-26 21:38:02,951 - agents.Base_Agent - INFO - Reseting game -- New start state [0 0 0 0 1 0 0 0 1 0 1]
2023-12-26 21:40:42,397 - agents.Base_Agent - INFO - Reseting game -- New start state [0 0 0 0 1 0 0 0 1 0 1]
2023-12-26 21:40:47,260 - agents.Base_Agent - INFO - Reseting game -- New start state [0 0 0 0 1 0 0 0 1 0 1]
2023-12-26 21:43:02,397 - agents.Base_Agent - INFO - Reseting game -- New start state [0 0 0 0 1 0 0 0 1 0 1]
2023-12-26 21:43:50,763 - agents.Base_Agent - INFO - Reseting game -- New start state [0 0 0 0 1 0 0 0 1 0 1]
2023-12-26 21:44:12,178 - agents.Base_Agent - INFO - Reseting game -- New start state [0 0 0 0 1 0 0 0 1 0 1]
2023-12-26 21:44:42,848 - agents.Base_Agent - INFO - Reseting game -- New start state [0 0 0 0 1 0 0 0 1 1 0]
2023-12-26 21:45:55,408 - agents.Base_Agent - INFO - Reseting game -- New start state [0 0 0 0 1 0 0 1 0 0 1]
2023-12-26 21:46:20,306 - agents.Base_Agent - INFO - Reseting game -- New start state [0 0 0 0 1 0 0 0 1 0 1]
2023-12-26 21:46:31,700 - agents.Base_Agent - INFO - Reseting game -- New start state [0 0 0 0 1 0 0 0 1 0 1]
2023-12-26 21:46:36,009 - agents.Base_Agent - INFO - Reseting game -- New start state [0 0 0 0 1 0 0 0 1 0 1]
2023-12-26 21:46:54,543 - agents.Base_Agent - INFO - Reseting game -- New start state [0 0 0 0 1 0 0 0 1 1 0]
2023-12-26 21:47:25,904 - agents.Base_Agent - INFO - Reseting game -- New start state [0 0 0 0 1 0 0 1 0 0 1]
2023-12-26 21:50:10,030 - agents.Base_Agent - INFO - Reseting game -- New start state [0 0 0 0 1 0 0 0 1 0 1]
2023-12-26 21:50:17,671 - agents.Base_Agent - INFO - Reseting game -- New start state [0 0 0 0 1 0 0 1 0 0 1]
2023-12-26 21:52:10,678 - agents.Base_Agent - INFO - Reseting game -- New start state [0 0 0 0 1 0 0 1 0 0 1]
2023-12-26 21:52:31,153 - agents.Base_Agent - INFO - Reseting game -- New start state [0 0 0 0 1 0 0 0 1 0 1]
2023-12-26 21:52:50,568 - agents.Base_Agent - INFO - Reseting game -- New start state [0 0 0 0 1 0 0 1 0 0 1]
2023-12-26 21:53:22,099 - agents.Base_Agent - INFO - Reseting game -- New start state [0 0 0 0 1 0 0 0 1 0 1]
2023-12-26 21:53:48,936 - agents.Base_Agent - INFO - Reseting game -- New start state [0 0 0 0 1 0 0 0 1 0 1]
2023-12-26 21:54:31,731 - agents.Base_Agent - INFO - Reseting game -- New start state [0 0 0 0 1 0 0 0 0 0 1]
2023-12-26 21:54:48,138 - agents.Base_Agent - INFO - Reseting game -- New start state [0 0 0 0 1 0 0 1 0 1 0]
2023-12-26 21:57:19,464 - agents.Base_Agent - INFO - Reseting game -- New start state [0 0 0 0 1 0 0 0 1 0 1]
2023-12-26 21:58:21,011 - agents.Base_Agent - INFO - Reseting game -- New start state [0 0 0 0 1 0 0 1 0 0 0]
2023-12-26 21:59:18,409 - agents.Base_Agent - INFO - Reseting game -- New start state [0 0 0 0 1 0 0 1 0 0 1]
2023-12-26 21:59:32,222 - agents.Base_Agent - INFO - Reseting game -- New start state [0 0 0 0 1 0 0 0 1 0 1]
2023-12-26 22:01:56,585 - agents.Base_Agent - INFO - Reseting game -- New start state [0 0 0 0 1 0 0 0 1 0 1]
2023-12-26 22:02:23,033 - agents.Base_Agent - INFO - Reseting game -- New start state [0 0 0 0 1 0 0 0 1 0 1]
2023-12-26 22:02:56,972 - agents.Base_Agent - INFO - Reseting game -- New start state [0 0 0 0 1 0 0 1 0 1 0]
2023-12-26 22:04:31,752 - agents.Base_Agent - INFO - Reseting game -- New start state [0 0 0 0 1 0 0 1 0 0 1]
2023-12-26 22:06:27,686 - agents.Base_Agent - INFO - Reseting game -- New start state [0 0 0 0 1 0 0 1 0 0 1]
2023-12-26 22:08:42,800 - agents.Base_Agent - INFO - Reseting game -- New start state [0 0 0 0 1 0 0 1 0 0 1]
2023-12-26 22:10:16,319 - agents.Base_Agent - INFO - Reseting game -- New start state [0 0 0 0 1 0 0 0 1 0 1]
2023-12-26 22:10:33,771 - agents.Base_Agent - INFO - Reseting game -- New start state [0 0 0 0 1 0 0 0 1 0 1]
2023-12-26 22:10:40,325 - agents.Base_Agent - INFO - Reseting game -- New start state [0 0 0 0 1 0 0 0 1 0 1]
2023-12-26 22:10:47,959 - agents.Base_Agent - INFO - Reseting game -- New start state [0 0 0 0 1 0 0 0 0 0 1]
2023-12-26 22:13:10,053 - agents.Base_Agent - INFO - Reseting game -- New start state [0 0 0 0 1 0 0 1 0 0 1]
2023-12-26 22:13:29,602 - agents.Base_Agent - INFO - Reseting game -- New start state [0 0 0 0 1 0 0 0 1 0 1]
2023-12-26 22:14:06,262 - agents.Base_Agent - INFO - Reseting game -- New start state [0 0 0 0 1 0 0 0 1 0 1]
2023-12-26 22:14:42,463 - agents.Base_Agent - INFO - Reseting game -- New start state [0 0 0 0 1 0 0 0 1 0 1]
2023-12-26 22:15:03,958 - agents.Base_Agent - INFO - Reseting game -- New start state [0 0 0 0 1 0 0 0 1 0 1]
2023-12-26 22:16:35,946 - agents.Base_Agent - INFO - Reseting game -- New start state [0 0 0 0 1 0 0 0 0 1 0]
2023-12-26 22:17:47,706 - agents.Base_Agent - INFO - Reseting game -- New start state [0 0 0 0 1 0 0 1 0 0 1]
2023-12-26 22:18:50,669 - agents.Base_Agent - INFO - Reseting game -- New start state [0 0 0 0 1 0 0 0 1 0 1]
2023-12-26 22:19:48,460 - agents.Base_Agent - INFO - Reseting game -- New start state [0 0 0 0 1 0 0 0 1 0 1]
2023-12-26 22:21:41,190 - agents.Base_Agent - INFO - Reseting game -- New start state [0 0 0 0 1 0 0 1 0 0 1]
2023-12-26 22:23:59,653 - agents.Base_Agent - INFO - Reseting game -- New start state [0 0 0 0 1 0 0 0 1 1 0]
2023-12-26 22:25:12,457 - agents.Base_Agent - INFO - Reseting game -- New start state [0 0 0 0 1 0 0 0 1 0 1]
2023-12-26 22:25:27,531 - agents.Base_Agent - INFO - Reseting game -- New start state [0 0 0 0 1 0 0 0 1 1 0]
2023-12-26 22:26:11,116 - agents.Base_Agent - INFO - Reseting game -- New start state [0 0 0 0 1 0 0 0 1 0 1]
2023-12-26 22:27:15,495 - agents.Base_Agent - INFO - Reseting game -- New start state [0 0 0 0 1 0 0 0 1 0 1]
2023-12-26 22:28:13,773 - agents.Base_Agent - INFO - Reseting game -- New start state [0 0 0 0 1 0 0 0 1 1 0]
2023-12-26 22:28:30,258 - agents.Base_Agent - INFO - Reseting game -- New start state [0 0 0 0 1 0 0 0 1 0 1]
2023-12-26 22:30:04,613 - agents.Base_Agent - INFO - Reseting game -- New start state [0 0 0 0 1 0 0 1 0 0 1]
2023-12-26 22:30:56,754 - agents.Base_Agent - INFO - Reseting game -- New start state [0 0 0 0 1 0 0 0 1 0 1]
2023-12-26 22:32:12,975 - agents.Base_Agent - INFO - Reseting game -- New start state [0 0 0 0 1 0 0 0 1 0 1]
2023-12-26 22:32:16,741 - agents.Base_Agent - INFO - Reseting game -- New start state [0 0 0 0 1 0 0 0 0 0 1]
2023-12-26 22:33:03,730 - agents.Base_Agent - INFO - Reseting game -- New start state [0 0 0 0 1 0 0 0 1 1 0]
2023-12-26 22:34:26,141 - agents.Base_Agent - INFO - Reseting game -- New start state [0 0 0 0 1 0 0 0 1 0 1]
2023-12-26 22:35:22,726 - agents.Base_Agent - INFO - Reseting game -- New start state [0 0 0 0 1 0 0 0 1 1 0]
2023-12-26 22:36:28,684 - agents.Base_Agent - INFO - Reseting game -- New start state [0 0 0 0 1 0 0 0 1 0 1]
2023-12-26 22:37:19,160 - agents.Base_Agent - INFO - Reseting game -- New start state [0 0 0 0 1 0 0 0 1 0 1]
2023-12-26 22:37:57,826 - agents.Base_Agent - INFO - Reseting game -- New start state [0 0 0 0 1 0 0 0 1 0 1]
2023-12-26 22:38:42,118 - agents.Base_Agent - INFO - Reseting game -- New start state [0 0 0 0 1 0 0 0 1 0 1]
2023-12-26 22:40:56,515 - agents.Base_Agent - INFO - Reseting game -- New start state [0 0 0 0 1 0 0 0 1 0 1]
2023-12-26 22:41:25,962 - agents.Base_Agent - INFO - Reseting game -- New start state [0 0 0 0 1 0 0 0 1 0 1]
2023-12-26 22:42:18,199 - agents.Base_Agent - INFO - Reseting game -- New start state [0 0 0 0 1 0 0 0 1 0 1]
2023-12-26 22:43:26,890 - agents.Base_Agent - INFO - Reseting game -- New start state [0 0 0 0 1 0 0 0 1 0 1]
2023-12-26 22:44:07,306 - agents.Base_Agent - INFO - Reseting game -- New start state [0 0 0 0 1 0 0 0 1 0 1]
2023-12-26 22:45:24,501 - agents.Base_Agent - INFO - Reseting game -- New start state [0 0 0 0 1 0 0 0 1 0 1]
2023-12-26 22:45:59,487 - agents.Base_Agent - INFO - Reseting game -- New start state [0 0 0 0 1 0 0 0 1 0 1]
2023-12-26 22:46:44,092 - agents.Base_Agent - INFO - Reseting game -- New start state [0 0 0 0 1 0 0 0 1 1 0]
2023-12-26 22:47:11,586 - agents.Base_Agent - INFO - Reseting game -- New start state [0 0 0 0 1 0 0 0 1 0 1]
2023-12-26 22:47:18,481 - agents.Base_Agent - INFO - Reseting game -- New start state [0 0 0 0 1 0 0 0 1 0 1]
2023-12-26 22:49:14,929 - agents.Base_Agent - INFO - Reseting game -- New start state [0 0 0 0 1 0 0 1 0 0 1]
2023-12-26 22:49:51,888 - agents.Base_Agent - INFO - Reseting game -- New start state [0 0 0 0 1 0 0 0 1 0 1]
2023-12-26 22:50:08,575 - agents.Base_Agent - INFO - Reseting game -- New start state [0 0 0 0 1 0 0 0 0 0 1]
2023-12-26 22:50:42,532 - agents.Base_Agent - INFO - Reseting game -- New start state [0 0 0 0 1 0 0 0 1 0 1]
2023-12-26 22:51:59,793 - agents.Base_Agent - INFO - Reseting game -- New start state [0 0 0 0 1 0 0 0 1 0 1]
2023-12-26 22:52:35,771 - agents.Base_Agent - INFO - Reseting game -- New start state [0 0 0 0 1 0 0 0 1 0 1]
2023-12-26 22:53:54,667 - agents.Base_Agent - INFO - Reseting game -- New start state [0 0 0 0 1 0 0 0 1 1 0]
2023-12-26 22:54:02,859 - agents.Base_Agent - INFO - Reseting game -- New start state [0 0 0 0 1 0 0 0 1 0 1]
2023-12-26 22:54:36,344 - agents.Base_Agent - INFO - Reseting game -- New start state [0 0 0 0 1 0 0 0 1 1 0]
2023-12-26 22:56:18,954 - agents.Base_Agent - INFO - Reseting game -- New start state [0 0 0 0 1 0 0 0 1 0 1]
2023-12-26 22:56:31,491 - agents.Base_Agent - INFO - Reseting game -- New start state [0 0 0 0 1 0 0 0 1 0 1]
2023-12-26 22:57:01,925 - agents.Base_Agent - INFO - Reseting game -- New start state [0 0 0 0 1 0 0 0 1 0 1]
2023-12-26 22:58:13,194 - agents.Base_Agent - INFO - Reseting game -- New start state [0 0 0 0 1 0 0 0 1 0 1]
2023-12-26 22:58:50,417 - agents.Base_Agent - INFO - Reseting game -- New start state [0 0 0 0 1 0 0 0 1 0 1]
2023-12-26 22:58:56,732 - agents.Base_Agent - INFO - Reseting game -- New start state [0 0 0 0 1 0 0 0 1 0 1]
2023-12-26 22:59:27,432 - agents.Base_Agent - INFO - Reseting game -- New start state [0 0 0 0 1 0 0 0 1 0 1]
2023-12-26 23:00:47,520 - agents.Base_Agent - INFO - Reseting game -- New start state [0 0 0 0 1 0 0 0 1 0 1]
2023-12-26 23:02:27,540 - agents.Base_Agent - INFO - Reseting game -- New start state [0 0 0 0 1 0 0 0 1 0 1]
2023-12-26 23:03:17,326 - agents.Base_Agent - INFO - Reseting game -- New start state [0 0 0 0 1 0 0 0 1 0 0]
2023-12-26 23:04:05,911 - agents.Base_Agent - INFO - Reseting game -- New start state [0 0 0 0 1 0 0 1 0 0 1]
2023-12-26 23:04:26,189 - agents.Base_Agent - INFO - Reseting game -- New start state [0 0 0 0 1 0 0 0 0 1 0]
2023-12-26 23:05:36,701 - agents.Base_Agent - INFO - Reseting game -- New start state [0 0 0 0 1 0 0 0 1 0 1]
2023-12-26 23:06:17,719 - agents.Base_Agent - INFO - Reseting game -- New start state [0 0 0 0 1 0 0 0 1 0 1]
2023-12-26 23:07:37,715 - agents.Base_Agent - INFO - Reseting game -- New start state [0 0 0 0 1 0 0 0 1 0 1]
2023-12-26 23:07:42,353 - agents.Base_Agent - INFO - Reseting game -- New start state [0 0 0 0 1 0 0 1 0 0 1]
2023-12-26 23:08:57,541 - agents.Base_Agent - INFO - Reseting game -- New start state [0 0 0 0 1 0 0 0 1 0 1]
